  pa_allocation.c
  pa_converters.c
  pa_cpuload.c
  pa_debugprint.c
  pa_dither.c
  pa_front.c
  pa_process.c
  pa_ringbuffer.c
  pa_stream.c
  pa_win_ds.c
  pa_win_ds_dynlink.c
  pa_hostapi_skeleton.c
  pa_win_wasapi.c
  pa_win_wdmks.c
  pa_win_wmme.c
  pa_win_hostapis.c
  pa_win_util.c
  pa_win_waveformat.c
  pa_win_wdmks_utils.c
  pa_x86_plain_converters.c
  正在生成代码...
  asio.cpp
  combase.cpp
  debugmessage.cpp
  register.cpp
  ASIOConvertSamples.cpp
  asiodrivers.cpp
  asiolist.cpp
  pa_asio.cpp
  正在生成代码...
    正在创建库 .\Release_x86\portaudio_x86.lib 和对象 .\Release_x86\portaudio_x86.exp
pa_asio.obj : error LNK2019: 无法解析的外部符号 _PaWinUtil_CoInitialize，该符号在函数 _PaAsio_Initialize 中被引用
pa_win_ds.obj : error LNK2001: 无法解析的外部符号 _PaWinUtil_CoInitialize
pa_win_wasapi.obj : error LNK2001: 无法解析的外部符号 _PaWinUtil_CoInitialize
pa_asio.obj : error LNK2019: 无法解析的外部符号 _PaWinUtil_CoUninitialize，该符号在函数 "void __cdecl Terminate(struct PaUtilHostApiRepresentation *)" (?Terminate@@YAXPAUPaUtilHostApiRepresentation@@@Z) 中被引用
pa_win_ds.obj : error LNK2001: 无法解析的外部符号 _PaWinUtil_CoUninitialize
pa_win_wasapi.obj : error LNK2001: 无法解析的外部符号 _PaWinUtil_CoUninitialize
D:\scripts\portaudio\build\msvc\Release_x86\portaudio_x86.dll : fatal error LNK1120: 2 个无法解析的外部命令
