d:\scripts\portaudio\build\msvc\debug_x86\vc140.pdb
d:\scripts\portaudio\build\msvc\debug_x86\pa_x86_plain_converters.obj
d:\scripts\portaudio\build\msvc\debug_x86\pa_win_wdmks_utils.obj
d:\scripts\portaudio\build\msvc\debug_x86\pa_win_waveformat.obj
d:\scripts\portaudio\build\msvc\debug_x86\pa_win_util.obj
d:\scripts\portaudio\build\msvc\debug_x86\pa_win_hostapis.obj
d:\scripts\portaudio\build\msvc\debug_x86\pa_win_wmme.obj
d:\scripts\portaudio\build\msvc\debug_x86\pa_win_wdmks.obj
d:\scripts\portaudio\build\msvc\debug_x86\pa_win_wasapi.obj
d:\scripts\portaudio\build\msvc\debug_x86\pa_hostapi_skeleton.obj
d:\scripts\portaudio\build\msvc\debug_x86\pa_win_ds_dynlink.obj
d:\scripts\portaudio\build\msvc\debug_x86\pa_win_ds.obj
d:\scripts\portaudio\build\msvc\debug_x86\pa_stream.obj
d:\scripts\portaudio\build\msvc\debug_x86\pa_ringbuffer.obj
d:\scripts\portaudio\build\msvc\debug_x86\pa_process.obj
d:\scripts\portaudio\build\msvc\debug_x86\pa_front.obj
d:\scripts\portaudio\build\msvc\debug_x86\pa_dither.obj
d:\scripts\portaudio\build\msvc\debug_x86\pa_debugprint.obj
d:\scripts\portaudio\build\msvc\debug_x86\pa_cpuload.obj
d:\scripts\portaudio\build\msvc\debug_x86\pa_converters.obj
d:\scripts\portaudio\build\msvc\debug_x86\pa_allocation.obj
d:\scripts\portaudio\build\msvc\debug_x86\pa_asio.obj
d:\scripts\portaudio\build\msvc\debug_x86\asiolist.obj
d:\scripts\portaudio\build\msvc\debug_x86\asiodrivers.obj
d:\scripts\portaudio\build\msvc\debug_x86\asioconvertsamples.obj
d:\scripts\portaudio\build\msvc\debug_x86\register.obj
d:\scripts\portaudio\build\msvc\debug_x86\debugmessage.obj
d:\scripts\portaudio\build\msvc\debug_x86\combase.obj
d:\scripts\portaudio\build\msvc\debug_x86\asio.obj
d:\scripts\portaudio\build\msvc\x64\debug\portaudio_x86.pdb
d:\scripts\portaudio\build\msvc\x64\debug\portaudio.tlog\cl.command.1.tlog
d:\scripts\portaudio\build\msvc\x64\debug\portaudio.tlog\cl.read.1.tlog
d:\scripts\portaudio\build\msvc\x64\debug\portaudio.tlog\cl.write.1.tlog
d:\scripts\portaudio\build\msvc\x64\debug\portaudio.tlog\link-cvtres.read.1.tlog
d:\scripts\portaudio\build\msvc\x64\debug\portaudio.tlog\link-cvtres.write.1.tlog
d:\scripts\portaudio\build\msvc\x64\debug\portaudio.tlog\link-rc.read.1.tlog
d:\scripts\portaudio\build\msvc\x64\debug\portaudio.tlog\link-rc.write.1.tlog
d:\scripts\portaudio\build\msvc\x64\debug\portaudio.tlog\link.command.1.tlog
d:\scripts\portaudio\build\msvc\x64\debug\portaudio.tlog\link.read.1.tlog
d:\scripts\portaudio\build\msvc\x64\debug\portaudio.tlog\link.write.1.tlog
